[debug] [2022-05-11T23:23:26.854Z] ----------------------------------------------------------------------
[debug] [2022-05-11T23:23:26.855Z] Command:       /usr/local/bin/node /usr/local/bin/firebase init
[debug] [2022-05-11T23:23:26.855Z] CLI Version:   10.9.2
[debug] [2022-05-11T23:23:26.855Z] Platform:      linux
[debug] [2022-05-11T23:23:26.855Z] Node Version:  v16.15.0
[debug] [2022-05-11T23:23:26.855Z] Time:          Wed May 11 2022 23:23:26 GMT+0000 (Greenwich Mean Time)
[debug] [2022-05-11T23:23:26.855Z] ----------------------------------------------------------------------
[debug] 
[debug] [2022-05-11T23:23:26.859Z] > command requires scopes: ["email","openid","https://www.googleapis.com/auth/cloudplatformprojects.readonly","https://www.googleapis.com/auth/firebase","https://www.googleapis.com/auth/cloud-platform"]
[debug] [2022-05-11T23:23:26.859Z] > authorizing via signed-in user (eric.hashi2004@gmail.com)
[info] 
     ######## #### ########  ######## ########     ###     ######  ########
     ##        ##  ##     ## ##       ##     ##  ##   ##  ##       ##
     ######    ##  ########  ######   ########  #########  ######  ######
     ##        ##  ##    ##  ##       ##     ## ##     ##       ## ##
     ##       #### ##     ## ######## ########  ##     ##  ######  ########

You're about to initialize a Firebase project in this directory:

  /home/hash/projects/web/nlw/letmeask

[info] 
=== Project Setup
[info] 
[info] First, let's associate this project directory with a Firebase project.
[info] You can create multiple project aliases by running firebase use --add, 
[info] but for now we'll just set up a default project.
[info] 
[debug] [2022-05-11T23:25:16.619Z] >>> [apiv2][query] GET https://firebase.googleapis.com/v1beta1/projects pageSize=100
[debug] [2022-05-11T23:25:19.698Z] <<< [apiv2][status] GET https://firebase.googleapis.com/v1beta1/projects 200
[debug] [2022-05-11T23:25:19.698Z] <<< [apiv2][body] GET https://firebase.googleapis.com/v1beta1/projects [omitted]
[info] i  Using project letmeask-35ba9 (letmeask) 
[info] 
=== Database Setup
[info] i  database: ensuring required API firebasedatabase.googleapis.com is enabled... 
[debug] [2022-05-11T23:25:33.566Z] >>> [apiv2][query] GET https://serviceusage.googleapis.com/v1/projects/letmeask-35ba9/services/firebasedatabase.googleapis.com [none]
[debug] [2022-05-11T23:25:34.844Z] <<< [apiv2][status] GET https://serviceusage.googleapis.com/v1/projects/letmeask-35ba9/services/firebasedatabase.googleapis.com 200
[debug] [2022-05-11T23:25:34.845Z] <<< [apiv2][body] GET https://serviceusage.googleapis.com/v1/projects/letmeask-35ba9/services/firebasedatabase.googleapis.com [omitted]
[info] ✔  database: required API firebasedatabase.googleapis.com is enabled 
[info] 
[debug] [2022-05-11T23:25:34.846Z] > refreshing access token with scopes: ["email","https://www.googleapis.com/auth/cloud-platform","https://www.googleapis.com/auth/cloudplatformprojects.readonly","https://www.googleapis.com/auth/firebase","openid"]
[debug] [2022-05-11T23:25:34.846Z] >>> HTTP REQUEST POST https://www.googleapis.com/oauth2/v3/token  
 <request body omitted>
[debug] [2022-05-11T23:25:35.322Z] <<< HTTP RESPONSE 200 {"expires":"Mon, 01 Jan 1990 00:00:00 GMT","date":"Thu, 12 May 2022 02:25:37 GMT","pragma":"no-cache","cache-control":"no-cache, no-store, max-age=0, must-revalidate","content-type":"application/json; charset=utf-8","vary":"X-Origin, Referer, Origin,Accept-Encoding","server":"scaffolding on HTTPServer2","x-xss-protection":"0","x-frame-options":"SAMEORIGIN","x-content-type-options":"nosniff","alt-svc":"h3=\":443\"; ma=2592000,h3-29=\":443\"; ma=2592000,h3-Q050=\":443\"; ma=2592000,h3-Q046=\":443\"; ma=2592000,h3-Q043=\":443\"; ma=2592000,quic=\":443\"; ma=2592000; v=\"46,43\"","accept-ranges":"none","transfer-encoding":"chunked"}
[debug] [2022-05-11T23:25:35.328Z] >>> HTTP REQUEST GET https://firebasedatabase.googleapis.com/v1beta/projects/letmeask-35ba9/locations/-/instances/letmeask-35ba9-default-rtdb  
 
[debug] [2022-05-11T23:25:36.834Z] <<< HTTP RESPONSE 200 {"content-type":"application/json; charset=UTF-8","vary":"X-Origin, Referer, Origin,Accept-Encoding","date":"Thu, 12 May 2022 02:25:39 GMT","server":"ESF","cache-control":"private","x-xss-protection":"0","x-frame-options":"SAMEORIGIN","x-content-type-options":"nosniff","alt-svc":"h3=\":443\"; ma=2592000,h3-29=\":443\"; ma=2592000,h3-Q050=\":443\"; ma=2592000,h3-Q046=\":443\"; ma=2592000,h3-Q043=\":443\"; ma=2592000,quic=\":443\"; ma=2592000; v=\"46,43\"","accept-ranges":"none","transfer-encoding":"chunked"}
[info] 
[info] Firebase Realtime Database Security Rules allow you to define how your data should be
[info] structured and when your data can be read from and written to.
[info] 
[debug] [2022-05-11T23:25:48.823Z] >>> HTTP REQUEST GET https://letmeask-35ba9-default-rtdb.firebaseio.com/.settings/rules.json  
 
[debug] [2022-05-11T23:25:49.586Z] <<< HTTP RESPONSE 200 {"server":"nginx","date":"Thu, 12 May 2022 02:25:52 GMT","content-type":"application/json; charset=utf-8","content-length":"571","connection":"keep-alive","access-control-allow-origin":"*","cache-control":"no-cache","strict-transport-security":"max-age=31556926; includeSubDomains; preload"}
[info] ✔  Database Rules for letmeask-35ba9-default-rtdb have been written to database.rules.json. 
[info] Future modifications to database.rules.json will update Realtime Database Security Rules when you run
[info] firebase deploy.
[info] 
=== Hosting Setup
[info] 
[info] Your public directory is the folder (relative to your project directory) that
[info] will contain Hosting assets to be uploaded with firebase deploy. If you
[info] have a build process for your assets, use your build's output directory.
[info] 
